0 info it worked if it ends with ok
1 verbose cli [ 'C:\\Program Files\\nodejs\\\\node.exe',
1 verbose cli   'C:\\Program Files\\nodejs\\node_modules\\npm\\bin\\npm-cli.js',
1 verbose cli   'install',
1 verbose cli   'mongojs' ]
2 info using npm@1.4.3
3 info using node@v0.10.26
4 verbose node symlink C:\Program Files\nodejs\\node.exe
5 warn package.json Pandorify@0.0.1 No repository field.
6 warn package.json consolidate@0.7.0 No repository field.
7 verbose readDependencies using package.json deps
8 verbose cache add [ 'mongojs', null ]
9 verbose cache add name=undefined spec="mongojs" args=["mongojs",null]
10 verbose parsed url { protocol: null,
10 verbose parsed url   slashes: null,
10 verbose parsed url   auth: null,
10 verbose parsed url   host: null,
10 verbose parsed url   port: null,
10 verbose parsed url   hostname: null,
10 verbose parsed url   hash: null,
10 verbose parsed url   search: null,
10 verbose parsed url   query: null,
10 verbose parsed url   pathname: 'mongojs',
10 verbose parsed url   path: 'mongojs',
10 verbose parsed url   href: 'mongojs' }
11 silly lockFile 5bfdf85a-mongojs mongojs
12 verbose lock mongojs C:\Users\Neel\AppData\Roaming\npm-cache\5bfdf85a-mongojs.lock
13 silly lockFile 5bfdf85a-mongojs mongojs
14 silly lockFile 5bfdf85a-mongojs mongojs
15 verbose addNamed [ 'mongojs', '' ]
16 verbose addNamed [ null, '*' ]
17 silly lockFile 9d373183-mongojs mongojs@
18 verbose lock mongojs@ C:\Users\Neel\AppData\Roaming\npm-cache\9d373183-mongojs.lock
19 silly addNameRange { name: 'mongojs', range: '*', hasData: false }
20 verbose url raw mongojs
21 verbose url resolving [ 'https://registry.npmjs.org/', './mongojs' ]
22 verbose url resolved https://registry.npmjs.org/mongojs
23 info trying registry request attempt 1 at 21:43:00
24 http GET https://registry.npmjs.org/mongojs
25 info retry will retry, error on last attempt: Error: getaddrinfo ENOTFOUND
26 info trying registry request attempt 2 at 21:43:10
27 http GET https://registry.npmjs.org/mongojs
28 info retry will retry, error on last attempt: Error: getaddrinfo ENOTFOUND
29 info trying registry request attempt 3 at 21:44:10
30 http GET https://registry.npmjs.org/mongojs
31 silly lockFile 9d373183-mongojs mongojs@
32 silly lockFile 9d373183-mongojs mongojs@
33 error network getaddrinfo ENOTFOUND
33 error network This is most likely not a problem with npm itself
33 error network and is related to network connectivity.
33 error network In most cases you are behind a proxy or have bad network settings.
33 error network
33 error network If you are behind a proxy, please make sure that the
33 error network 'proxy' config is set properly.  See: 'npm help config'
34 error System Windows_NT 6.2.9200
35 error command "C:\\Program Files\\nodejs\\\\node.exe" "C:\\Program Files\\nodejs\\node_modules\\npm\\bin\\npm-cli.js" "install" "mongojs"
36 error cwd C:\Users\Neel\Dropbox\Independent Projects\Pandorify
37 error node -v v0.10.26
38 error npm -v 1.4.3
39 error syscall getaddrinfo
40 error code ENOTFOUND
41 error errno ENOTFOUND
42 verbose exit [ 1, true ]
